<?xml version="1.0" encoding="UTF-8"?>
<!-- Generated by org.testng.reporters.JUnitReportReporter -->
<testsuite skipped="0" hostname="DESKTOP-9C2HJJE" name="com.automation.tests.GuestCheckoutPageTest" tests="2" failures="0" timestamp="01 May 2019 00:56:11 GMT" time="29.574" errors="0">
  <testcase name="validateAlreadyRegisterdEmails" time="15.340" classname="com.automation.tests.GuestCheckoutPageTest"/>
  <testcase name="verifyEmailAndCreateAccontButton" time="14.234" classname="com.automation.tests.GuestCheckoutPageTest"/>
</testsuite> <!-- com.automation.tests.GuestCheckoutPageTest -->
