<?xml version="1.0" encoding="UTF-8"?>
<!-- Generated by org.testng.reporters.JUnitReportReporter -->
<testsuite skipped="0" hostname="DESKTOP-9C2HJJE" name="com.automation.tests.GuestCheckoutPageTest" tests="2" failures="0" timestamp="28 Apr 2019 02:08:48 GMT" time="33.268" errors="0">
  <testcase name="validateAlreadyRegisterdEmails" time="17.868" classname="com.automation.tests.GuestCheckoutPageTest"/>
  <testcase name="verifyEmailAndCreateAccontButton" time="15.400" classname="com.automation.tests.GuestCheckoutPageTest"/>
</testsuite> <!-- com.automation.tests.GuestCheckoutPageTest -->
