<?xml version="1.0" encoding="UTF-8"?>
<!-- Generated by org.testng.reporters.JUnitReportReporter -->
<testsuite skipped="0" hostname="DESKTOP-9C2HJJE" name="com.automation.tests.AddressTabPageTest" tests="2" failures="0" timestamp="01 May 2019 00:56:11 GMT" time="40.709" errors="0">
  <testcase name="verifyPageTitleAndPageText" time="20.401" classname="com.automation.tests.AddressTabPageTest"/>
  <testcase name="verifyProceedToCheckoutAddressTab" time="20.308" classname="com.automation.tests.AddressTabPageTest"/>
</testsuite> <!-- com.automation.tests.AddressTabPageTest -->
