<?xml version="1.0" encoding="UTF-8"?>
<!-- Generated by org.testng.reporters.JUnitReportReporter -->
<testsuite skipped="0" hostname="DESKTOP-9C2HJJE" name="com.automation.tests.CreateAccountPageTest" tests="5" failures="0" timestamp="01 May 2019 00:56:11 GMT" time="112.094" errors="0">
  <testcase name="verifyNoPhoneNumberPassed" time="18.551" classname="com.automation.tests.CreateAccountPageTest"/>
  <testcase name="verifyElementDoesNotExistForCountrySelection" time="18.447" classname="com.automation.tests.CreateAccountPageTest"/>
  <testcase name="errorVerificationWhennoValuePassedInForm" time="39.159" classname="com.automation.tests.CreateAccountPageTest"/>
  <testcase name="verifyCreateAccontPage" time="15.609" classname="com.automation.tests.CreateAccountPageTest"/>
  <testcase name="verifyNewAccountCreation" time="20.328" classname="com.automation.tests.CreateAccountPageTest"/>
</testsuite> <!-- com.automation.tests.CreateAccountPageTest -->
