<?xml version="1.0" encoding="UTF-8"?>
<!-- Generated by org.testng.reporters.JUnitReportReporter -->
<testsuite skipped="0" hostname="DESKTOP-9C2HJJE" name="com.automation.tests.HomePageTest" tests="1" failures="0" timestamp="30 Apr 2019 03:21:12 GMT" time="7.741" errors="0">
  <testcase name="navigateToCategoryTest" time="7.741" classname="com.automation.tests.HomePageTest"/>
</testsuite> <!-- com.automation.tests.HomePageTest -->
