<?xml version="1.0" encoding="UTF-8"?>
<!-- Generated by org.testng.reporters.JUnitReportReporter -->
<testsuite skipped="0" hostname="DESKTOP-9C2HJJE" name="com.automation.tests.ShippingTabPageTest" tests="2" failures="0" timestamp="01 May 2019 00:56:11 GMT" time="43.103" errors="0">
  <testcase name="verifyProceedToCheckoutShippingTab" time="22.096" classname="com.automation.tests.ShippingTabPageTest"/>
  <testcase name="verifyShippingPageTitleAndPageText" time="21.007" classname="com.automation.tests.ShippingTabPageTest"/>
</testsuite> <!-- com.automation.tests.ShippingTabPageTest -->
