<?xml version="1.0" encoding="UTF-8"?>
<!-- Generated by org.testng.reporters.JUnitReportReporter -->
<testsuite skipped="0" hostname="DESKTOP-9C2HJJE" name="com.automation.tests.CreateAccountPageTest" tests="5" failures="0" timestamp="28 Apr 2019 02:08:48 GMT" time="119.868" errors="0">
  <testcase name="verifyNoPhoneNumberPassed" time="22.299" classname="com.automation.tests.CreateAccountPageTest"/>
  <testcase name="verifyElementDoesNotExistForCountrySelection" time="19.946" classname="com.automation.tests.CreateAccountPageTest"/>
  <testcase name="verifyNewAccountCreation" time="22.031" classname="com.automation.tests.CreateAccountPageTest"/>
  <testcase name="errorVerificationWhennoValuePassedInForm" time="39.245" classname="com.automation.tests.CreateAccountPageTest"/>
  <testcase name="verifyCreateAccontPage" time="16.347" classname="com.automation.tests.CreateAccountPageTest"/>
</testsuite> <!-- com.automation.tests.CreateAccountPageTest -->
