<?xml version="1.0" encoding="UTF-8"?>
<!-- Generated by org.testng.reporters.JUnitReportReporter -->
<testsuite skipped="0" hostname="DESKTOP-9C2HJJE" name="com.automation.tests.ShippingTabPageTest" tests="2" failures="0" timestamp="29 Apr 2019 22:35:23 GMT" time="46.544" errors="0">
  <testcase name="verifyShippingPageTitleAndPageText" time="21.898" classname="com.automation.tests.ShippingTabPageTest"/>
  <testcase name="verifyProceedToCheckoutShippingTab" time="24.646" classname="com.automation.tests.ShippingTabPageTest"/>
</testsuite> <!-- com.automation.tests.ShippingTabPageTest -->
