<?xml version="1.0" encoding="UTF-8"?>
<!-- Generated by org.testng.reporters.JUnitReportReporter -->
<testsuite skipped="0" hostname="DESKTOP-9C2HJJE" name="com.automation.tests.PaymentConfirmOrderPageTest" tests="1" failures="0" timestamp="28 Apr 2019 11:59:18 GMT" time="23.076" errors="0">
  <testcase name="verifyPaymentPageTextAndTitle" time="23.076" classname="com.automation.tests.PaymentConfirmOrderPageTest"/>
</testsuite> <!-- com.automation.tests.PaymentConfirmOrderPageTest -->
