<?xml version="1.0" encoding="UTF-8"?>
<!-- Generated by org.testng.reporters.JUnitReportReporter -->
<testsuite skipped="0" hostname="DESKTOP-9C2HJJE" name="com.automation.tests.AddressTabPageTest" tests="1" failures="0" timestamp="28 Apr 2019 11:40:20 GMT" time="21.594" errors="0">
  <testcase name="verifyPageTitleAndPageText" time="21.594" classname="com.automation.tests.AddressTabPageTest"/>
</testsuite> <!-- com.automation.tests.AddressTabPageTest -->
