<?xml version="1.0" encoding="UTF-8"?>
<!-- Generated by org.testng.reporters.JUnitReportReporter -->
<testsuite skipped="0" hostname="DESKTOP-9C2HJJE" name="com.automation.tests.CategoryPageTest" tests="1" failures="0" timestamp="30 Apr 2019 04:13:11 GMT" time="12.429" errors="0">
  <testcase name="verifyselectItemAndCheckOut" time="12.429" classname="com.automation.tests.CategoryPageTest"/>
</testsuite> <!-- com.automation.tests.CategoryPageTest -->
