<?xml version="1.0" encoding="UTF-8"?>
<!-- Generated by org.testng.reporters.JUnitReportReporter -->
<testsuite skipped="0" hostname="DESKTOP-9C2HJJE" name="com.automation.tests.OrderPageTest" tests="1" failures="0" timestamp="01 May 2019 00:56:10 GMT" time="14.586" errors="0">
  <testcase name="verifyselectItemAndCheckOut" time="14.586" classname="com.automation.tests.OrderPageTest"/>
</testsuite> <!-- com.automation.tests.OrderPageTest -->
